[train] config: {'train_mode': 'lora_attn', 'mode': 'single_gundam', 'train_jsonl': 'data/samples_olmocr/train.jsonl', 'output_dir': 'outputs/smoke_lora_attn', 'gpu': '0', 'seed': 0, 'batch_size': 1, 'grad_accum': 1, 'max_steps': 20, 'lr': 0.0001, 'max_grad_norm': 1.0, 'lora_r': 8, 'lora_alpha': 16, 'lora_dropout': 0.0, 'gradient_checkpointing': True}
`torch_dtype` is deprecated! Use `dtype` instead!
Some weights of UnlimitedOCRForCausalLM were not initialized from the model checkpoint at /mnt1/yixuan/unlimited-ocr-posttrain/models/baidu_Unlimited-OCR and are newly initialized: ['model.vision_model.embeddings.position_ids']
You should probably TRAIN this model on a down-stream task to be able to use it for predictions and inference.
[model_loader] gradient_checkpointing 延后到 apply_train_mode 之后开（见 train.py）
[model_loader] loaded; _attn_implementation=eager; use_cache=False; grad_ckpt=True
[train_modes] lora_attn: 48 LoRA target modules (e.g. model.layers.0.self_attn.k_proj .. model.layers.9.self_attn.v_proj)
[train_modes] trainable=0.98M / total=3337.09M (0.029%)
[train] gradient_checkpointing enabled (non-reentrant, post-peft)
[train] step 1/20 loss=1.1988
[train] step 2/20 loss=0.0875
[train] step 3/20 loss=0.1926
[train] step 4/20 loss=0.5698
[train] step 5/20 loss=0.9252
[train] step 6/20 loss=0.0440
[train] step 7/20 loss=0.0785
[train] step 8/20 loss=0.0962
[train] step 9/20 loss=0.0918
[train] step 10/20 loss=0.1257
[train] step 11/20 loss=0.1434
[train] step 12/20 loss=0.1297
[train] step 13/20 loss=0.0830
[train] step 14/20 loss=0.4335
[train] step 15/20 loss=0.0573
[train] step 16/20 loss=0.0717
[train] step 17/20 loss=0.0416
[train] step 18/20 loss=0.0941
[train] step 19/20 loss=0.3626
[train] step 20/20 loss=0.0524
[train] saved to outputs/smoke_lora_attn
[train] loss first=1.1988 last=0.0524 finite=True
train_ok
